mode: atomic
github.com/soulteary/secure-kit/argon2.go:42.44,43.31 1 2
github.com/soulteary/secure-kit/argon2.go:43.31,44.12 1 2
github.com/soulteary/secure-kit/argon2.go:44.12,46.4 1 1
github.com/soulteary/secure-kit/argon2.go:52.46,53.31 1 2
github.com/soulteary/secure-kit/argon2.go:53.31,54.12 1 2
github.com/soulteary/secure-kit/argon2.go:54.12,56.4 1 1
github.com/soulteary/secure-kit/argon2.go:62.46,63.31 1 2
github.com/soulteary/secure-kit/argon2.go:63.31,64.12 1 2
github.com/soulteary/secure-kit/argon2.go:64.12,66.4 1 1
github.com/soulteary/secure-kit/argon2.go:71.46,72.31 1 2
github.com/soulteary/secure-kit/argon2.go:72.31,73.12 1 2
github.com/soulteary/secure-kit/argon2.go:73.12,75.4 1 1
github.com/soulteary/secure-kit/argon2.go:80.44,81.31 1 2
github.com/soulteary/secure-kit/argon2.go:81.31,82.12 1 2
github.com/soulteary/secure-kit/argon2.go:82.12,84.4 1 1
github.com/soulteary/secure-kit/argon2.go:89.58,98.27 2 17
github.com/soulteary/secure-kit/argon2.go:98.27,100.3 1 10
github.com/soulteary/secure-kit/argon2.go:102.2,102.10 1 17
github.com/soulteary/secure-kit/argon2.go:108.63,110.43 2 25
github.com/soulteary/secure-kit/argon2.go:110.43,112.3 1 0
github.com/soulteary/secure-kit/argon2.go:114.2,117.101 2 25
github.com/soulteary/secure-kit/argon2.go:123.73,125.43 2 3
github.com/soulteary/secure-kit/argon2.go:125.43,127.3 1 0
github.com/soulteary/secure-kit/argon2.go:129.2,139.8 2 3
github.com/soulteary/secure-kit/argon2.go:144.60,146.43 1 73
github.com/soulteary/secure-kit/argon2.go:146.43,148.3 1 2
github.com/soulteary/secure-kit/argon2.go:151.2,151.40 1 71
github.com/soulteary/secure-kit/argon2.go:155.66,157.21 2 71
github.com/soulteary/secure-kit/argon2.go:157.21,159.3 1 3
github.com/soulteary/secure-kit/argon2.go:161.2,162.16 2 68
github.com/soulteary/secure-kit/argon2.go:162.16,164.3 1 0
github.com/soulteary/secure-kit/argon2.go:166.2,167.16 2 68
github.com/soulteary/secure-kit/argon2.go:167.16,169.3 1 0
github.com/soulteary/secure-kit/argon2.go:171.2,172.66 2 68
github.com/soulteary/secure-kit/argon2.go:176.63,178.16 2 2
github.com/soulteary/secure-kit/argon2.go:178.16,180.3 1 0
github.com/soulteary/secure-kit/argon2.go:182.2,183.66 2 2
github.com/soulteary/secure-kit/argon2.go:187.59,189.2 1 4
github.com/soulteary/secure-kit/argon2.go:192.43,194.2 1 10
github.com/soulteary/secure-kit/argon2.go:204.73,207.21 2 6
github.com/soulteary/secure-kit/argon2.go:207.21,209.3 1 1
github.com/soulteary/secure-kit/argon2.go:211.2,211.28 1 5
github.com/soulteary/secure-kit/argon2.go:211.28,213.3 1 1
github.com/soulteary/secure-kit/argon2.go:216.2,217.26 2 4
github.com/soulteary/secure-kit/argon2.go:217.26,219.3 1 1
github.com/soulteary/secure-kit/argon2.go:221.2,223.31 2 3
github.com/soulteary/secure-kit/argon2.go:223.31,225.19 2 9
github.com/soulteary/secure-kit/argon2.go:225.19,227.4 1 0
github.com/soulteary/secure-kit/argon2.go:229.3,230.17 2 9
github.com/soulteary/secure-kit/argon2.go:230.17,232.4 1 0
github.com/soulteary/secure-kit/argon2.go:234.3,234.16 1 9
github.com/soulteary/secure-kit/argon2.go:235.12,236.31 1 3
github.com/soulteary/secure-kit/argon2.go:237.12,238.29 1 3
github.com/soulteary/secure-kit/argon2.go:239.12,240.31 1 3
github.com/soulteary/secure-kit/argon2.go:244.2,245.16 2 3
github.com/soulteary/secure-kit/argon2.go:245.16,247.3 1 0
github.com/soulteary/secure-kit/argon2.go:249.2,250.16 2 3
github.com/soulteary/secure-kit/argon2.go:250.16,252.3 1 0
github.com/soulteary/secure-kit/argon2.go:254.2,254.37 1 3
github.com/soulteary/secure-kit/bcrypt.go:25.44,26.31 1 4
github.com/soulteary/secure-kit/bcrypt.go:26.31,27.55 1 4
github.com/soulteary/secure-kit/bcrypt.go:27.55,29.4 1 2
github.com/soulteary/secure-kit/bcrypt.go:34.58,39.27 2 14
github.com/soulteary/secure-kit/bcrypt.go:39.27,41.3 1 4
github.com/soulteary/secure-kit/bcrypt.go:43.2,43.10 1 14
github.com/soulteary/secure-kit/bcrypt.go:48.63,50.16 2 24
github.com/soulteary/secure-kit/bcrypt.go:50.16,52.3 1 1
github.com/soulteary/secure-kit/bcrypt.go:53.2,53.26 1 23
github.com/soulteary/secure-kit/bcrypt.go:58.60,61.2 2 68
github.com/soulteary/secure-kit/bcrypt.go:65.59,67.2 1 4
github.com/soulteary/secure-kit/bcrypt.go:70.43,72.2 1 10
github.com/soulteary/secure-kit/bcrypt.go:79.61,82.2 2 6
github.com/soulteary/secure-kit/compare.go:13.42,15.2 1 12
github.com/soulteary/secure-kit/compare.go:18.47,20.2 1 5
github.com/soulteary/secure-kit/compare.go:24.38,26.2 1 2
github.com/soulteary/secure-kit/compare.go:30.40,32.2 1 2
github.com/soulteary/secure-kit/mask.go:14.37,15.17 1 9
github.com/soulteary/secure-kit/mask.go:15.17,17.3 1 1
github.com/soulteary/secure-kit/mask.go:19.2,21.21 3 8
github.com/soulteary/secure-kit/mask.go:21.21,24.3 1 2
github.com/soulteary/secure-kit/mask.go:26.2,30.21 3 6
github.com/soulteary/secure-kit/mask.go:30.21,32.3 1 1
github.com/soulteary/secure-kit/mask.go:35.2,35.25 1 5
github.com/soulteary/secure-kit/mask.go:35.25,37.3 1 1
github.com/soulteary/secure-kit/mask.go:39.2,39.84 1 4
github.com/soulteary/secure-kit/mask.go:48.44,49.17 1 4
github.com/soulteary/secure-kit/mask.go:49.17,51.3 1 1
github.com/soulteary/secure-kit/mask.go:53.2,55.18 3 3
github.com/soulteary/secure-kit/mask.go:55.18,57.3 1 1
github.com/soulteary/secure-kit/mask.go:59.2,62.25 3 2
github.com/soulteary/secure-kit/mask.go:62.25,64.3 1 1
github.com/soulteary/secure-kit/mask.go:65.2,65.39 1 1
github.com/soulteary/secure-kit/mask.go:75.37,76.17 1 7
github.com/soulteary/secure-kit/mask.go:76.17,78.3 1 1
github.com/soulteary/secure-kit/mask.go:80.2,84.16 3 6
github.com/soulteary/secure-kit/mask.go:84.16,86.3 1 1
github.com/soulteary/secure-kit/mask.go:89.2,89.17 1 5
github.com/soulteary/secure-kit/mask.go:89.17,91.3 1 1
github.com/soulteary/secure-kit/mask.go:93.2,93.69 1 4
github.com/soulteary/secure-kit/mask.go:102.43,103.21 1 3
github.com/soulteary/secure-kit/mask.go:103.21,105.3 1 1
github.com/soulteary/secure-kit/mask.go:106.2,106.49 1 2
github.com/soulteary/secure-kit/mask.go:114.52,115.30 1 4
github.com/soulteary/secure-kit/mask.go:115.30,117.3 1 2
github.com/soulteary/secure-kit/mask.go:118.2,118.59 1 2
github.com/soulteary/secure-kit/mask.go:126.41,127.16 1 5
github.com/soulteary/secure-kit/mask.go:127.16,129.3 1 1
github.com/soulteary/secure-kit/mask.go:132.2,134.22 2 4
github.com/soulteary/secure-kit/mask.go:134.22,136.3 1 1
github.com/soulteary/secure-kit/mask.go:139.2,142.33 2 3
github.com/soulteary/secure-kit/mask.go:142.33,144.3 1 1
github.com/soulteary/secure-kit/mask.go:147.2,147.52 1 2
github.com/soulteary/secure-kit/mask.go:157.38,158.14 1 4
github.com/soulteary/secure-kit/mask.go:158.14,160.3 1 1
github.com/soulteary/secure-kit/mask.go:163.2,163.31 1 3
github.com/soulteary/secure-kit/mask.go:163.31,165.21 2 1
github.com/soulteary/secure-kit/mask.go:165.21,167.4 1 1
github.com/soulteary/secure-kit/mask.go:168.3,168.16 1 0
github.com/soulteary/secure-kit/mask.go:172.2,173.21 2 2
github.com/soulteary/secure-kit/mask.go:173.21,175.3 1 2
github.com/soulteary/secure-kit/mask.go:177.2,177.15 1 0
github.com/soulteary/secure-kit/mask.go:185.36,186.19 1 3
github.com/soulteary/secure-kit/mask.go:186.19,188.3 1 1
github.com/soulteary/secure-kit/mask.go:189.2,189.43 1 2
github.com/soulteary/secure-kit/mask.go:198.35,199.16 1 4
github.com/soulteary/secure-kit/mask.go:199.16,201.3 1 1
github.com/soulteary/secure-kit/mask.go:203.2,206.29 3 3
github.com/soulteary/secure-kit/mask.go:206.29,207.20 1 6
github.com/soulteary/secure-kit/mask.go:207.20,209.4 1 6
github.com/soulteary/secure-kit/mask.go:212.2,212.34 1 3
github.com/soulteary/secure-kit/mask.go:217.50,218.22 1 3
github.com/soulteary/secure-kit/mask.go:218.22,220.3 1 2
github.com/soulteary/secure-kit/mask.go:221.2,221.27 1 1
github.com/soulteary/secure-kit/md5.go:22.32,24.2 1 10
github.com/soulteary/secure-kit/md5.go:28.60,31.2 2 76
github.com/soulteary/secure-kit/md5.go:35.57,37.16 2 59
github.com/soulteary/secure-kit/md5.go:37.16,39.3 1 0
github.com/soulteary/secure-kit/md5.go:40.2,40.42 1 59
github.com/soulteary/secure-kit/md5.go:44.56,46.2 1 4
github.com/soulteary/secure-kit/md5.go:49.40,51.2 1 10
github.com/soulteary/secure-kit/md5.go:60.58,62.2 1 5
github.com/soulteary/secure-kit/md5.go:69.37,72.2 2 17
github.com/soulteary/secure-kit/plaintext.go:18.44,20.2 1 10
github.com/soulteary/secure-kit/plaintext.go:24.66,26.2 1 12
github.com/soulteary/secure-kit/plaintext.go:30.63,32.2 1 60
github.com/soulteary/secure-kit/plaintext.go:35.62,37.2 1 4
github.com/soulteary/secure-kit/plaintext.go:40.46,42.2 1 10
github.com/soulteary/secure-kit/plaintext.go:51.64,53.2 1 5
github.com/soulteary/secure-kit/random.go:13.41,14.12 1 124
github.com/soulteary/secure-kit/random.go:14.12,16.3 1 3
github.com/soulteary/secure-kit/random.go:18.2,19.40 2 121
github.com/soulteary/secure-kit/random.go:19.40,21.3 1 0
github.com/soulteary/secure-kit/random.go:22.2,22.15 1 121
github.com/soulteary/secure-kit/random.go:27.39,29.16 2 3
github.com/soulteary/secure-kit/random.go:29.16,30.13 1 1
github.com/soulteary/secure-kit/random.go:32.2,32.10 1 2
github.com/soulteary/secure-kit/random.go:37.39,39.16 2 4
github.com/soulteary/secure-kit/random.go:39.16,41.3 1 0
github.com/soulteary/secure-kit/random.go:42.2,42.35 1 4
github.com/soulteary/secure-kit/random.go:47.42,49.16 2 2
github.com/soulteary/secure-kit/random.go:49.16,51.3 1 0
github.com/soulteary/secure-kit/random.go:52.2,52.50 1 2
github.com/soulteary/secure-kit/random.go:57.45,59.16 2 4
github.com/soulteary/secure-kit/random.go:59.16,61.3 1 0
github.com/soulteary/secure-kit/random.go:62.2,62.53 1 4
github.com/soulteary/secure-kit/random.go:67.63,68.17 1 109
github.com/soulteary/secure-kit/random.go:68.17,70.3 1 2
github.com/soulteary/secure-kit/random.go:71.2,71.23 1 107
github.com/soulteary/secure-kit/random.go:71.23,73.3 1 1
github.com/soulteary/secure-kit/random.go:75.2,78.30 3 106
github.com/soulteary/secure-kit/random.go:78.30,80.17 2 800
github.com/soulteary/secure-kit/random.go:80.17,82.4 1 0
github.com/soulteary/secure-kit/random.go:83.3,83.35 1 800
github.com/soulteary/secure-kit/random.go:86.2,86.28 1 106
github.com/soulteary/secure-kit/random.go:115.47,117.2 1 101
github.com/soulteary/secure-kit/random.go:120.53,122.2 1 1
github.com/soulteary/secure-kit/random.go:127.50,129.2 1 2
github.com/soulteary/secure-kit/random.go:134.35,136.16 2 102
github.com/soulteary/secure-kit/random.go:136.16,138.3 1 0
github.com/soulteary/secure-kit/random.go:141.2,145.50 3 102
github.com/soulteary/secure-kit/random.go:149.42,150.14 1 202
github.com/soulteary/secure-kit/random.go:150.14,152.3 1 2
github.com/soulteary/secure-kit/random.go:154.2,155.16 2 200
github.com/soulteary/secure-kit/random.go:155.16,157.3 1 0
github.com/soulteary/secure-kit/random.go:159.2,159.23 1 200
github.com/soulteary/secure-kit/random.go:163.52,164.15 1 102
github.com/soulteary/secure-kit/random.go:164.15,166.3 1 1
github.com/soulteary/secure-kit/random.go:167.2,167.16 1 101
github.com/soulteary/secure-kit/random.go:167.16,169.3 1 1
github.com/soulteary/secure-kit/random.go:171.2,172.16 2 100
github.com/soulteary/secure-kit/random.go:172.16,174.3 1 0
github.com/soulteary/secure-kit/random.go:176.2,176.21 1 100
github.com/soulteary/secure-kit/random.go:181.36,183.2 1 1
github.com/soulteary/secure-kit/sha.go:16.38,18.2 1 9
github.com/soulteary/secure-kit/sha.go:22.63,25.2 2 76
github.com/soulteary/secure-kit/sha.go:29.60,31.16 2 60
github.com/soulteary/secure-kit/sha.go:31.16,33.3 1 0
github.com/soulteary/secure-kit/sha.go:34.2,34.42 1 60
github.com/soulteary/secure-kit/sha.go:38.59,40.2 1 4
github.com/soulteary/secure-kit/sha.go:43.43,45.2 1 10
github.com/soulteary/secure-kit/sha.go:53.38,55.2 1 10
github.com/soulteary/secure-kit/sha.go:59.63,63.2 3 75
github.com/soulteary/secure-kit/sha.go:67.60,69.16 2 60
github.com/soulteary/secure-kit/sha.go:69.16,71.3 1 0
github.com/soulteary/secure-kit/sha.go:72.2,72.42 1 60
github.com/soulteary/secure-kit/sha.go:76.59,78.2 1 4
github.com/soulteary/secure-kit/sha.go:81.43,83.2 1 10
github.com/soulteary/secure-kit/sha.go:90.61,92.2 1 4
github.com/soulteary/secure-kit/sha.go:97.40,101.2 3 13
github.com/soulteary/secure-kit/sha.go:105.40,108.2 2 2
